e:\cources\semester 4\alogorithm\assignment_2\assignment_2\release\assignment2.form1.resources
e:\cources\semester 4\alogorithm\assignment_2\assignment_2\release\assignment2.form2.resources
e:\cources\semester 4\alogorithm\assignment_2\assignment_2\release\vc141.pdb
e:\cources\semester 4\alogorithm\assignment_2\assignment_2\release\form2.obj
e:\cources\semester 4\alogorithm\assignment_2\assignment_2\release\form1.obj
e:\cources\semester 4\alogorithm\assignment_2\assignment_2\release\.netframework,version=v4.6.1.assemblyattributes.obj
e:\cources\semester 4\alogorithm\assignment_2\assignment_2\release\.netframework,version=v4.6.1.assemblyattributes.asm
e:\cources\semester 4\alogorithm\assignment_2\release\assignment_2.exe
e:\cources\semester 4\alogorithm\assignment_2\release\assignment_2.pdb
e:\cources\semester 4\alogorithm\assignment_2\assignment_2\release\assignment_2.vcxproj.generateresource.cache
e:\cources\semester 4\alogorithm\assignment_2\assignment_2\release\assignment_2.vcxprojassemblyreference.cache
e:\cources\semester 4\alogorithm\assignment_2\assignment_2\release\assignment_2.tlog\assignment_2.write.1u.tlog
e:\cources\semester 4\alogorithm\assignment_2\assignment_2\release\assignment_2.tlog\cl.command.1.tlog
e:\cources\semester 4\alogorithm\assignment_2\assignment_2\release\assignment_2.tlog\cl.read.1.tlog
e:\cources\semester 4\alogorithm\assignment_2\assignment_2\release\assignment_2.tlog\cl.write.1.tlog
e:\cources\semester 4\alogorithm\assignment_2\assignment_2\release\assignment_2.tlog\link.command.1.tlog
e:\cources\semester 4\alogorithm\assignment_2\assignment_2\release\assignment_2.tlog\link.read.1.tlog
e:\cources\semester 4\alogorithm\assignment_2\assignment_2\release\assignment_2.tlog\link.write.1.tlog
e:\cources\semester 4\alogorithm\assignment_2\assignment_2\release\assignment_2.tlog\metagen.read.1.tlog
e:\cources\semester 4\alogorithm\assignment_2\assignment_2\release\assignment_2.tlog\metagen.write.1.tlog
